Arguments: 
  /usr/local/bin/node /Users/alexmiles/.yarn/bin/yarn.js

PATH: 
  /Users/alexmiles/google-cloud-sdk/bin:/Users/alexmiles/.yarn/bin:/Users/alexmiles/.deno/bin:/Users/alexmiles/.config/yarn/global/node_modules/.bin:/Users/alexmiles/.rbenv/bin:/Users/alexmiles/.rbenv/shims:/Users/alexmiles/.cargo/bin:/usr/local/bin:/usr/bin:/bin:/usr/sbin:/sbin:/usr/local/go/bin:/usr/local/MacGPG2/bin:/Users/alexmiles/google-cloud-sdk/bin:/Users/alexmiles/.yarn/bin:/Users/alexmiles/.deno/bin:/Users/alexmiles/.config/yarn/global/node_modules/.bin:/Users/alexmiles/.rbenv/bin:/Users/alexmiles/.rbenv/shims:/Users/alexmiles/.cargo/bin:/Users/alexmiles/go/bin:/Users/alexmiles/go/bin

Yarn version: 
  1.22.4

Node version: 
  10.16.0

Platform: 
  darwin x64

Trace: 
  SyntaxError: /Users/alexmiles/dev/tokentax/cryptoicon-api/package.json: Unexpected token } in JSON at position 494
      at JSON.parse (<anonymous>)
      at /Users/alexmiles/.yarn/lib/cli.js:1625:59
      at Generator.next (<anonymous>)
      at step (/Users/alexmiles/.yarn/lib/cli.js:310:30)
      at /Users/alexmiles/.yarn/lib/cli.js:321:13

npm manifest: 
  {
    "name": "cryptoicon-api",
    "version": "1.0.0",
    "main": "index.js",
    "license": "MIT",
    "scripts": {
      "dev": "next",
      "build": "next build",
      "start": "next start",
      "type-check": "tsc"
    },
    "dependencies": {
      "@vercel/node": "^1.7.4",
      "next": "latest",
      "react": "^16.12.0",
      "react-dom": "^16.12.0"
    },
    "devDependencies": {
      "@types/node": "^12.12.21",
      "@types/react": "^16.9.16",
      "@types/react-dom": "^16.9.4",
      "typescript": "3.9.7"
    },
  }

yarn manifest: 
  No manifest

Lockfile: 
  # THIS IS AN AUTOGENERATED FILE. DO NOT EDIT THIS FILE DIRECTLY.
  # yarn lockfile v1
  
  
  "@types/node@*":
    version "14.6.0"
    resolved "https://registry.yarnpkg.com/@types/node/-/node-14.6.0.tgz#7d4411bf5157339337d7cff864d9ff45f177b499"
    integrity sha512-mikldZQitV94akrc4sCcSjtJfsTKt4p+e/s0AGscVA6XArQ9kFclP+ZiYUMnq987rc6QlYxXv/EivqlfSLxpKA==
  
  "@vercel/node@^1.7.4":
    version "1.7.4"
    resolved "https://registry.yarnpkg.com/@vercel/node/-/node-1.7.4.tgz#855e184e0467f8b5cd6922b33c9c5a4355788555"
    integrity sha512-5pBaNJYnuO0HQhsncp7uk7Hl8NKhEldRPdUwlgjIvmwtggcssQB7hGVRGYpBXj3nSnQXtf35PSw17r2Xjk3zRA==
    dependencies:
      "@types/node" "*"
      ts-node "8.9.1"
      typescript "3.9.3"
  
  arg@^4.1.0:
    version "4.1.3"
    resolved "https://registry.yarnpkg.com/arg/-/arg-4.1.3.tgz#269fc7ad5b8e42cb63c896d5666017261c144089"
    integrity sha512-58S9QDqG0Xx27YwPSt9fJxivjYl432YCwfDMfZ+71RAqUrZef7LrKQZ3LHLOwCS4FLNBplP533Zx895SeOCHvA==
  
  buffer-from@^1.0.0:
    version "1.1.1"
    resolved "https://registry.yarnpkg.com/buffer-from/-/buffer-from-1.1.1.tgz#32713bc028f75c02fdb710d7c7bcec1f2c6070ef"
    integrity sha512-MQcXEUbCKtEo7bhqEs6560Hyd4XaovZlO/k9V3hjVUF/zwW7KBVdSK4gIt/bzwS9MbR5qob+F5jusZsb0YQK2A==
  
  diff@^4.0.1:
    version "4.0.2"
    resolved "https://registry.yarnpkg.com/diff/-/diff-4.0.2.tgz#60f3aecb89d5fae520c11aa19efc2bb982aade7d"
    integrity sha512-58lmxKSA4BNyLz+HHMUzlOEpg09FV+ev6ZMe3vJihgdxzgcwZ8VoEEPmALCZG9LmqfVoNMMKpttIYTVG6uDY7A==
  
  make-error@^1.1.1:
    version "1.3.6"
    resolved "https://registry.yarnpkg.com/make-error/-/make-error-1.3.6.tgz#2eb2e37ea9b67c4891f684a1394799af484cf7a2"
    integrity sha512-s8UhlNe7vPKomQhC1qFelMokr/Sc3AgNbso3n74mVPA5LTZwkB9NlXf4XPamLxJE8h0gh73rM94xvwRT2CVInw==
  
  source-map-support@^0.5.17:
    version "0.5.19"
    resolved "https://registry.yarnpkg.com/source-map-support/-/source-map-support-0.5.19.tgz#a98b62f86dcaf4f67399648c085291ab9e8fed61"
    integrity sha512-Wonm7zOCIJzBGQdB+thsPar0kYuCIzYvxZwlBa87yi/Mdjv7Tip2cyVbLj5o0cFPN4EVkuTwb3GDDyUx2DGnGw==
    dependencies:
      buffer-from "^1.0.0"
      source-map "^0.6.0"
  
  source-map@^0.6.0:
    version "0.6.1"
    resolved "https://registry.yarnpkg.com/source-map/-/source-map-0.6.1.tgz#74722af32e9614e9c287a8d0bbde48b5e2f1a263"
    integrity sha512-UjgapumWlbMhkBgzT7Ykc5YXUT46F0iKu8SGXq0bcwP5dz/h0Plj6enJqjz1Zbq2l5WaqYnrVbwWOWMyF3F47g==
  
  ts-node@8.9.1:
    version "8.9.1"
    resolved "https://registry.yarnpkg.com/ts-node/-/ts-node-8.9.1.tgz#2f857f46c47e91dcd28a14e052482eb14cfd65a5"
    integrity sha512-yrq6ODsxEFTLz0R3BX2myf0WBCSQh9A+py8PBo1dCzWIOcvisbyH6akNKqDHMgXePF2kir5mm5JXJTH3OUJYOQ==
    dependencies:
      arg "^4.1.0"
      diff "^4.0.1"
      make-error "^1.1.1"
      source-map-support "^0.5.17"
      yn "3.1.1"
  
  typescript@3.9.3:
    version "3.9.3"
    resolved "https://registry.yarnpkg.com/typescript/-/typescript-3.9.3.tgz#d3ac8883a97c26139e42df5e93eeece33d610b8a"
    integrity sha512-D/wqnB2xzNFIcoBG9FG8cXRDjiqSTbG2wd8DMZeQyJlP1vfTkIxH4GKveWaEBYySKIg+USu+E+EDIR47SqnaMQ==
  
  yn@3.1.1:
    version "3.1.1"
    resolved "https://registry.yarnpkg.com/yn/-/yn-3.1.1.tgz#1e87401a09d767c1d5eab26a6e4c185182d2eb50"
    integrity sha512-Ux4ygGWsu2c7isFWe8Yu1YluJmqVhxqK2cLXNQA5AcC3QfbGNpM7fu0Y8b/z16pXLnFxZYvWhd3fhBY9DLmC6Q==
